2017-11-16 19:42:33.2435 [DEBUG] Authenticating with server...
2017-11-16 19:42:33.5921 [DEBUG] Connected to room. (49825:SceneFusion:SceneFusion)
2017-11-16 19:42:33.5959 [INFO] Connected to server.
2017-11-16 19:42:33.5959 [DEBUG] OS : Microsoft Windows NT 10.0.14393.0
2017-11-16 19:42:33.5959 [DEBUG] Unity Version : 2017.2.0f3
2017-11-16 19:42:33.5959 [DEBUG] Pro License : False
2017-11-16 19:42:33.5959 [DEBUG] Platform : WindowsEditor
2017-11-16 19:42:33.5964 [DEBUG] Build Target : StandaloneWindows64
2017-11-16 19:42:33.5964 [DEBUG] Scene Fusion version : 1.6.0
2017-11-16 19:42:33.5964 [DEBUG] User : 
2017-11-16 19:42:33.6164 [DEBUG] Tier: Scene Fusion Free, Permissions: 00000500
2017-11-16 19:42:33.6164 [DEBUG] User Permissions: FFFFFFFF
2017-11-16 19:42:33.6174 [DEBUG] No stand-in for UnityEngine.Video.VideoClip
2017-11-16 19:42:33.6174 [DEBUG] No stand-in for UnityEngine.AvatarMask
2017-11-16 19:42:33.6179 [DEBUG] No stand-in for UnityEngine.AI.NavMeshData
2017-11-16 19:42:33.6179 [DEBUG] No stand-in for UnityEngine.CustomRenderTexture
2017-11-16 19:42:33.6179 [DEBUG] No stand-in for UnityEngine.U2D.SpriteAtlas
2017-11-16 19:42:33.6179 [DEBUG] No stand-in for UnityEngine.Experimental.Rendering.RenderPassAttachment
2017-11-16 19:42:33.8658 [DEBUG] Uploading scene 'Untitled'
2017-11-16 19:44:56.9628 [DEBUG] Refresh token (SgKLCxffMjmz839QDhL8P4nBaN3oqilDdPb6jgqhfZPoiPuSQlmZ3hmEWUbel69sAqPj5fajoXEOeHDC9hCuqhZEhg0mESCrx5RxBJIpXlQpN6oNGXEPlMp9KdlLN4i8zZKfQ7cyIpidRFEAdoleRSwotm6uHLbtiNIlpfZhxMtKESGjeDKB4fkiEYsNMHCcIH3UprQSpUFfyDkwxoh2us0IyRkY9nFjqeUYKq3aklZFHzkD9jQkbHIfS8hKKyU) error: {"err":"Error getting response stream (ReadDone2): ReceiveFailure"}
2017-11-16 19:52:38.1228 [DEBUG] Uploading scene 'level1'
2017-11-16 19:52:49.2130 [DEBUG] Disconnecting temporarily to enter play mode.
2017-11-16 19:52:49.2135 [DEBUG] Disconnecting from room (49825:SceneFusion:SceneFusion)
2017-11-16 19:52:49.2251 [INFO] Disconnected from server.
2017-11-16 19:52:49.2251 [DEBUG] Disconnect. (Duration: 615)
2017-11-16 19:52:49.3173 [INFO] Static batching in play mode is not supported in a Scene Fusion session and will be temporarily disabled.
2017-11-16 19:52:52.2358 [DEBUG] Scene Fusion version 1.6.0-1
2017-11-16 19:52:52.2990 [DEBUG] Play mode: True, sync in play mode: False
2017-11-16 19:52:52.3642 [DEBUG] Connecting to room (49825:SceneFusion:SceneFusion) via TCP at ec2-34-215-86-166.us-west-2.compute.amazonaws.com:1026
2017-11-16 19:52:52.3742 [DEBUG] Host connection. (Session: 49825)
2017-11-16 19:52:52.7293 [DEBUG] Authenticating with server...
2017-11-16 19:52:52.9427 [DEBUG] Connected to room. (49825:SceneFusion:SceneFusion)
2017-11-16 19:52:53.1487 [DEBUG] Play mode: False
2017-11-16 19:52:53.1543 [INFO] Connected to server.
2017-11-16 19:52:53.1548 [DEBUG] OS : Microsoft Windows NT 10.0.14393.0
2017-11-16 19:52:53.1548 [DEBUG] Unity Version : 2017.2.0f3
2017-11-16 19:52:53.1548 [DEBUG] Pro License : False
2017-11-16 19:52:53.1553 [DEBUG] Platform : WindowsEditor
2017-11-16 19:52:53.1553 [DEBUG] Build Target : StandaloneWindows64
2017-11-16 19:52:53.1553 [DEBUG] Scene Fusion version : 1.6.0
2017-11-16 19:52:53.1553 [DEBUG] User : 
2017-11-16 19:52:53.1954 [DEBUG] Tier: Scene Fusion Free, Permissions: 00000500
2017-11-16 19:52:53.1954 [DEBUG] User Permissions: FFFFFFFF
2017-11-16 19:52:53.7153 [DEBUG] No stand-in for UnityEngine.Video.VideoClip
2017-11-16 19:52:53.7153 [DEBUG] No stand-in for UnityEngine.AvatarMask
2017-11-16 19:52:53.7158 [DEBUG] No stand-in for UnityEngine.AI.NavMeshData
2017-11-16 19:52:53.7158 [DEBUG] No stand-in for UnityEngine.CustomRenderTexture
2017-11-16 19:52:53.7158 [DEBUG] No stand-in for UnityEngine.U2D.SpriteAtlas
2017-11-16 19:52:53.7158 [DEBUG] No stand-in for UnityEngine.Experimental.Rendering.RenderPassAttachment
2017-11-16 19:58:17.6736 [DEBUG] Disconnecting from room (49825:SceneFusion:SceneFusion)
2017-11-16 19:58:17.6786 [INFO] Disconnected from server.
2017-11-16 19:58:17.6786 [DEBUG] Disconnect. (Duration: 108)
